CRITICAL - 2023-09-17 05:40:16 --> Undefined variable $pro
in APPPATH\Views\products.php on line 11.
 1 APPPATH\Views\products.php(11): CodeIgniter\Debug\Exceptions->errorHandler(2, 'Undefined variable $pro', 'C:\\laragon\\www\\testing\\app\\Views\\products.php', 11)
 2 SYSTEMPATH\View\View.php(226): include('C:\\laragon\\www\\testing\\app\\Views\\products.php')
 3 SYSTEMPATH\View\View.php(229): CodeIgniter\View\View->CodeIgniter\View\{closure}()
 4 SYSTEMPATH\Common.php(1188): CodeIgniter\View\View->render('products', [], true)
 5 APPPATH\Controllers\ProductController.php(50): view('products', [...])
 6 SYSTEMPATH\CodeIgniter.php(919): App\Controllers\ProductController->test()
 7 SYSTEMPATH\CodeIgniter.php(494): CodeIgniter\CodeIgniter->runController(Object(App\Controllers\ProductController))
 8 SYSTEMPATH\CodeIgniter.php(353): CodeIgniter\CodeIgniter->handleRequest(null, Object(Config\Cache), false)
 9 FCPATH\index.php(79): CodeIgniter\CodeIgniter->run()
10 SYSTEMPATH\Commands\Server\rewrite.php(47): require_once('C:\\laragon\\www\\testing\\public\\index.php')
CRITICAL - 2023-09-17 05:40:51 --> Undefined variable $pro
in APPPATH\Views\products.php on line 11.
 1 APPPATH\Views\products.php(11): CodeIgniter\Debug\Exceptions->errorHandler(2, 'Undefined variable $pro', 'C:\\laragon\\www\\testing\\app\\Views\\products.php', 11)
 2 SYSTEMPATH\View\View.php(226): include('C:\\laragon\\www\\testing\\app\\Views\\products.php')
 3 SYSTEMPATH\View\View.php(229): CodeIgniter\View\View->CodeIgniter\View\{closure}()
 4 SYSTEMPATH\Common.php(1188): CodeIgniter\View\View->render('products', [], true)
 5 APPPATH\Controllers\ProductController.php(50): view('products', [...])
 6 SYSTEMPATH\CodeIgniter.php(919): App\Controllers\ProductController->test()
 7 SYSTEMPATH\CodeIgniter.php(494): CodeIgniter\CodeIgniter->runController(Object(App\Controllers\ProductController))
 8 SYSTEMPATH\CodeIgniter.php(353): CodeIgniter\CodeIgniter->handleRequest(null, Object(Config\Cache), false)
 9 FCPATH\index.php(79): CodeIgniter\CodeIgniter->run()
10 SYSTEMPATH\Commands\Server\rewrite.php(47): require_once('C:\\laragon\\www\\testing\\public\\index.php')
CRITICAL - 2023-09-17 05:47:25 --> Undefined variable $pro
in APPPATH\Views\products.php on line 11.
 1 APPPATH\Views\products.php(11): CodeIgniter\Debug\Exceptions->errorHandler(2, 'Undefined variable $pro', 'C:\\laragon\\www\\testing\\app\\Views\\products.php', 11)
 2 SYSTEMPATH\View\View.php(226): include('C:\\laragon\\www\\testing\\app\\Views\\products.php')
 3 SYSTEMPATH\View\View.php(229): CodeIgniter\View\View->CodeIgniter\View\{closure}()
 4 SYSTEMPATH\Common.php(1188): CodeIgniter\View\View->render('products', [], true)
 5 APPPATH\Controllers\ProductController.php(54): view('products', [...])
 6 SYSTEMPATH\CodeIgniter.php(919): App\Controllers\ProductController->test()
 7 SYSTEMPATH\CodeIgniter.php(494): CodeIgniter\CodeIgniter->runController(Object(App\Controllers\ProductController))
 8 SYSTEMPATH\CodeIgniter.php(353): CodeIgniter\CodeIgniter->handleRequest(null, Object(Config\Cache), false)
 9 FCPATH\index.php(79): CodeIgniter\CodeIgniter->run()
10 SYSTEMPATH\Commands\Server\rewrite.php(47): require_once('C:\\laragon\\www\\testing\\public\\index.php')
CRITICAL - 2023-09-17 05:47:48 --> Undefined variable $pro
in APPPATH\Views\products.php on line 11.
 1 APPPATH\Views\products.php(11): CodeIgniter\Debug\Exceptions->errorHandler(2, 'Undefined variable $pro', 'C:\\laragon\\www\\testing\\app\\Views\\products.php', 11)
 2 SYSTEMPATH\View\View.php(226): include('C:\\laragon\\www\\testing\\app\\Views\\products.php')
 3 SYSTEMPATH\View\View.php(229): CodeIgniter\View\View->CodeIgniter\View\{closure}()
 4 SYSTEMPATH\Common.php(1188): CodeIgniter\View\View->render('products', [], true)
 5 APPPATH\Controllers\ProductController.php(54): view('products', [...])
 6 SYSTEMPATH\CodeIgniter.php(919): App\Controllers\ProductController->test()
 7 SYSTEMPATH\CodeIgniter.php(494): CodeIgniter\CodeIgniter->runController(Object(App\Controllers\ProductController))
 8 SYSTEMPATH\CodeIgniter.php(353): CodeIgniter\CodeIgniter->handleRequest(null, Object(Config\Cache), false)
 9 FCPATH\index.php(79): CodeIgniter\CodeIgniter->run()
10 SYSTEMPATH\Commands\Server\rewrite.php(47): require_once('C:\\laragon\\www\\testing\\public\\index.php')
CRITICAL - 2023-09-17 05:49:17 --> Undefined variable $pro
in APPPATH\Views\products.php on line 11.
 1 APPPATH\Views\products.php(11): CodeIgniter\Debug\Exceptions->errorHandler(2, 'Undefined variable $pro', 'C:\\laragon\\www\\testing\\app\\Views\\products.php', 11)
 2 SYSTEMPATH\View\View.php(226): include('C:\\laragon\\www\\testing\\app\\Views\\products.php')
 3 SYSTEMPATH\View\View.php(229): CodeIgniter\View\View->CodeIgniter\View\{closure}()
 4 SYSTEMPATH\Common.php(1188): CodeIgniter\View\View->render('products', [], true)
 5 APPPATH\Controllers\ProductController.php(54): view('products', [...])
 6 SYSTEMPATH\CodeIgniter.php(919): App\Controllers\ProductController->test()
 7 SYSTEMPATH\CodeIgniter.php(494): CodeIgniter\CodeIgniter->runController(Object(App\Controllers\ProductController))
 8 SYSTEMPATH\CodeIgniter.php(353): CodeIgniter\CodeIgniter->handleRequest(null, Object(Config\Cache), false)
 9 FCPATH\index.php(79): CodeIgniter\CodeIgniter->run()
10 SYSTEMPATH\Commands\Server\rewrite.php(47): require_once('C:\\laragon\\www\\testing\\public\\index.php')
CRITICAL - 2023-09-17 05:49:19 --> Undefined variable $pro
in APPPATH\Views\products.php on line 11.
 1 APPPATH\Views\products.php(11): CodeIgniter\Debug\Exceptions->errorHandler(2, 'Undefined variable $pro', 'C:\\laragon\\www\\testing\\app\\Views\\products.php', 11)
 2 SYSTEMPATH\View\View.php(226): include('C:\\laragon\\www\\testing\\app\\Views\\products.php')
 3 SYSTEMPATH\View\View.php(229): CodeIgniter\View\View->CodeIgniter\View\{closure}()
 4 SYSTEMPATH\Common.php(1188): CodeIgniter\View\View->render('products', [], true)
 5 APPPATH\Controllers\ProductController.php(54): view('products', [...])
 6 SYSTEMPATH\CodeIgniter.php(919): App\Controllers\ProductController->test()
 7 SYSTEMPATH\CodeIgniter.php(494): CodeIgniter\CodeIgniter->runController(Object(App\Controllers\ProductController))
 8 SYSTEMPATH\CodeIgniter.php(353): CodeIgniter\CodeIgniter->handleRequest(null, Object(Config\Cache), false)
 9 FCPATH\index.php(79): CodeIgniter\CodeIgniter->run()
10 SYSTEMPATH\Commands\Server\rewrite.php(47): require_once('C:\\laragon\\www\\testing\\public\\index.php')
CRITICAL - 2023-09-17 05:49:53 --> Undefined variable $pro
in APPPATH\Views\products.php on line 11.
 1 APPPATH\Views\products.php(11): CodeIgniter\Debug\Exceptions->errorHandler(2, 'Undefined variable $pro', 'C:\\laragon\\www\\testing\\app\\Views\\products.php', 11)
 2 SYSTEMPATH\View\View.php(226): include('C:\\laragon\\www\\testing\\app\\Views\\products.php')
 3 SYSTEMPATH\View\View.php(229): CodeIgniter\View\View->CodeIgniter\View\{closure}()
 4 SYSTEMPATH\Common.php(1188): CodeIgniter\View\View->render('products', [], true)
 5 APPPATH\Controllers\ProductController.php(54): view('products', [...])
 6 SYSTEMPATH\CodeIgniter.php(919): App\Controllers\ProductController->test()
 7 SYSTEMPATH\CodeIgniter.php(494): CodeIgniter\CodeIgniter->runController(Object(App\Controllers\ProductController))
 8 SYSTEMPATH\CodeIgniter.php(353): CodeIgniter\CodeIgniter->handleRequest(null, Object(Config\Cache), false)
 9 FCPATH\index.php(79): CodeIgniter\CodeIgniter->run()
10 SYSTEMPATH\Commands\Server\rewrite.php(47): require_once('C:\\laragon\\www\\testing\\public\\index.php')
CRITICAL - 2023-09-17 05:49:57 --> Undefined variable $pro
in APPPATH\Views\products.php on line 11.
 1 APPPATH\Views\products.php(11): CodeIgniter\Debug\Exceptions->errorHandler(2, 'Undefined variable $pro', 'C:\\laragon\\www\\testing\\app\\Views\\products.php', 11)
 2 SYSTEMPATH\View\View.php(226): include('C:\\laragon\\www\\testing\\app\\Views\\products.php')
 3 SYSTEMPATH\View\View.php(229): CodeIgniter\View\View->CodeIgniter\View\{closure}()
 4 SYSTEMPATH\Common.php(1188): CodeIgniter\View\View->render('products', [], true)
 5 APPPATH\Controllers\ProductController.php(54): view('products', [...])
 6 SYSTEMPATH\CodeIgniter.php(919): App\Controllers\ProductController->test()
 7 SYSTEMPATH\CodeIgniter.php(494): CodeIgniter\CodeIgniter->runController(Object(App\Controllers\ProductController))
 8 SYSTEMPATH\CodeIgniter.php(353): CodeIgniter\CodeIgniter->handleRequest(null, Object(Config\Cache), false)
 9 FCPATH\index.php(79): CodeIgniter\CodeIgniter->run()
10 SYSTEMPATH\Commands\Server\rewrite.php(47): require_once('C:\\laragon\\www\\testing\\public\\index.php')
CRITICAL - 2023-09-17 05:50:40 --> Undefined variable $pro
in APPPATH\Views\products.php on line 11.
 1 APPPATH\Views\products.php(11): CodeIgniter\Debug\Exceptions->errorHandler(2, 'Undefined variable $pro', 'C:\\laragon\\www\\testing\\app\\Views\\products.php', 11)
 2 SYSTEMPATH\View\View.php(226): include('C:\\laragon\\www\\testing\\app\\Views\\products.php')
 3 SYSTEMPATH\View\View.php(229): CodeIgniter\View\View->CodeIgniter\View\{closure}()
 4 SYSTEMPATH\Common.php(1188): CodeIgniter\View\View->render('products', [], true)
 5 APPPATH\Controllers\ProductController.php(54): view('products', [...])
 6 SYSTEMPATH\CodeIgniter.php(919): App\Controllers\ProductController->test()
 7 SYSTEMPATH\CodeIgniter.php(494): CodeIgniter\CodeIgniter->runController(Object(App\Controllers\ProductController))
 8 SYSTEMPATH\CodeIgniter.php(353): CodeIgniter\CodeIgniter->handleRequest(null, Object(Config\Cache), false)
 9 FCPATH\index.php(79): CodeIgniter\CodeIgniter->run()
10 SYSTEMPATH\Commands\Server\rewrite.php(47): require_once('C:\\laragon\\www\\testing\\public\\index.php')
CRITICAL - 2023-09-17 05:52:02 --> Undefined variable $pro
in APPPATH\Views\products.php on line 11.
 1 APPPATH\Views\products.php(11): CodeIgniter\Debug\Exceptions->errorHandler(2, 'Undefined variable $pro', 'C:\\laragon\\www\\testing\\app\\Views\\products.php', 11)
 2 SYSTEMPATH\View\View.php(226): include('C:\\laragon\\www\\testing\\app\\Views\\products.php')
 3 SYSTEMPATH\View\View.php(229): CodeIgniter\View\View->CodeIgniter\View\{closure}()
 4 SYSTEMPATH\Common.php(1188): CodeIgniter\View\View->render('products', [], true)
 5 APPPATH\Controllers\ProductController.php(55): view('products', [...])
 6 SYSTEMPATH\CodeIgniter.php(919): App\Controllers\ProductController->test()
 7 SYSTEMPATH\CodeIgniter.php(494): CodeIgniter\CodeIgniter->runController(Object(App\Controllers\ProductController))
 8 SYSTEMPATH\CodeIgniter.php(353): CodeIgniter\CodeIgniter->handleRequest(null, Object(Config\Cache), false)
 9 FCPATH\index.php(79): CodeIgniter\CodeIgniter->run()
10 SYSTEMPATH\Commands\Server\rewrite.php(47): require_once('C:\\laragon\\www\\testing\\public\\index.php')
CRITICAL - 2023-09-17 05:52:04 --> Undefined variable $pro
in APPPATH\Views\products.php on line 11.
 1 APPPATH\Views\products.php(11): CodeIgniter\Debug\Exceptions->errorHandler(2, 'Undefined variable $pro', 'C:\\laragon\\www\\testing\\app\\Views\\products.php', 11)
 2 SYSTEMPATH\View\View.php(226): include('C:\\laragon\\www\\testing\\app\\Views\\products.php')
 3 SYSTEMPATH\View\View.php(229): CodeIgniter\View\View->CodeIgniter\View\{closure}()
 4 SYSTEMPATH\Common.php(1188): CodeIgniter\View\View->render('products', [], true)
 5 APPPATH\Controllers\ProductController.php(55): view('products', [...])
 6 SYSTEMPATH\CodeIgniter.php(919): App\Controllers\ProductController->test()
 7 SYSTEMPATH\CodeIgniter.php(494): CodeIgniter\CodeIgniter->runController(Object(App\Controllers\ProductController))
 8 SYSTEMPATH\CodeIgniter.php(353): CodeIgniter\CodeIgniter->handleRequest(null, Object(Config\Cache), false)
 9 FCPATH\index.php(79): CodeIgniter\CodeIgniter->run()
10 SYSTEMPATH\Commands\Server\rewrite.php(47): require_once('C:\\laragon\\www\\testing\\public\\index.php')
CRITICAL - 2023-09-17 05:53:09 --> Undefined variable $pro
in APPPATH\Views\products.php on line 11.
 1 APPPATH\Views\products.php(11): CodeIgniter\Debug\Exceptions->errorHandler(2, 'Undefined variable $pro', 'C:\\laragon\\www\\testing\\app\\Views\\products.php', 11)
 2 SYSTEMPATH\View\View.php(226): include('C:\\laragon\\www\\testing\\app\\Views\\products.php')
 3 SYSTEMPATH\View\View.php(229): CodeIgniter\View\View->CodeIgniter\View\{closure}()
 4 SYSTEMPATH\Common.php(1188): CodeIgniter\View\View->render('products', [], true)
 5 APPPATH\Controllers\ProductController.php(54): view('products', [...])
 6 SYSTEMPATH\CodeIgniter.php(919): App\Controllers\ProductController->test()
 7 SYSTEMPATH\CodeIgniter.php(494): CodeIgniter\CodeIgniter->runController(Object(App\Controllers\ProductController))
 8 SYSTEMPATH\CodeIgniter.php(353): CodeIgniter\CodeIgniter->handleRequest(null, Object(Config\Cache), false)
 9 FCPATH\index.php(79): CodeIgniter\CodeIgniter->run()
10 SYSTEMPATH\Commands\Server\rewrite.php(47): require_once('C:\\laragon\\www\\testing\\public\\index.php')
CRITICAL - 2023-09-17 05:53:36 --> There is no data to update.
in SYSTEMPATH\BaseModel.php on line 1724.
 1 SYSTEMPATH\BaseModel.php(1724): CodeIgniter\Database\Exceptions\DataException::forEmptyDataset('update')
 2 SYSTEMPATH\BaseModel.php(916): CodeIgniter\BaseModel->transformDataToArray(null, 'update')
 3 SYSTEMPATH\Model.php(776): CodeIgniter\BaseModel->update([...], null)
 4 APPPATH\Controllers\ProductController.php(39): CodeIgniter\Model->update([...])
 5 SYSTEMPATH\CodeIgniter.php(919): App\Controllers\ProductController->save()
 6 SYSTEMPATH\CodeIgniter.php(494): CodeIgniter\CodeIgniter->runController(Object(App\Controllers\ProductController))
 7 SYSTEMPATH\CodeIgniter.php(353): CodeIgniter\CodeIgniter->handleRequest(null, Object(Config\Cache), false)
 8 FCPATH\index.php(79): CodeIgniter\CodeIgniter->run()
 9 SYSTEMPATH\Commands\Server\rewrite.php(47): require_once('C:\\laragon\\www\\testing\\public\\index.php')
CRITICAL - 2023-09-17 05:54:36 --> There is no data to update.
in SYSTEMPATH\BaseModel.php on line 1724.
 1 SYSTEMPATH\BaseModel.php(1724): CodeIgniter\Database\Exceptions\DataException::forEmptyDataset('update')
 2 SYSTEMPATH\BaseModel.php(916): CodeIgniter\BaseModel->transformDataToArray(null, 'update')
 3 SYSTEMPATH\Model.php(776): CodeIgniter\BaseModel->update([...], null)
 4 APPPATH\Controllers\ProductController.php(39): CodeIgniter\Model->update([...])
 5 SYSTEMPATH\CodeIgniter.php(919): App\Controllers\ProductController->save()
 6 SYSTEMPATH\CodeIgniter.php(494): CodeIgniter\CodeIgniter->runController(Object(App\Controllers\ProductController))
 7 SYSTEMPATH\CodeIgniter.php(353): CodeIgniter\CodeIgniter->handleRequest(null, Object(Config\Cache), false)
 8 FCPATH\index.php(79): CodeIgniter\CodeIgniter->run()
 9 SYSTEMPATH\Commands\Server\rewrite.php(47): require_once('C:\\laragon\\www\\testing\\public\\index.php')
CRITICAL - 2023-09-17 05:55:40 --> There is no data to update.
in SYSTEMPATH\BaseModel.php on line 1724.
 1 SYSTEMPATH\BaseModel.php(1724): CodeIgniter\Database\Exceptions\DataException::forEmptyDataset('update')
 2 SYSTEMPATH\BaseModel.php(916): CodeIgniter\BaseModel->transformDataToArray(null, 'update')
 3 SYSTEMPATH\Model.php(776): CodeIgniter\BaseModel->update([...], null)
 4 APPPATH\Controllers\ProductController.php(39): CodeIgniter\Model->update([...])
 5 SYSTEMPATH\CodeIgniter.php(919): App\Controllers\ProductController->save()
 6 SYSTEMPATH\CodeIgniter.php(494): CodeIgniter\CodeIgniter->runController(Object(App\Controllers\ProductController))
 7 SYSTEMPATH\CodeIgniter.php(353): CodeIgniter\CodeIgniter->handleRequest(null, Object(Config\Cache), false)
 8 FCPATH\index.php(79): CodeIgniter\CodeIgniter->run()
 9 SYSTEMPATH\Commands\Server\rewrite.php(47): require_once('C:\\laragon\\www\\testing\\public\\index.php')
CRITICAL - 2023-09-17 05:55:45 --> There is no data to update.
in SYSTEMPATH\BaseModel.php on line 1724.
 1 SYSTEMPATH\BaseModel.php(1724): CodeIgniter\Database\Exceptions\DataException::forEmptyDataset('update')
 2 SYSTEMPATH\BaseModel.php(916): CodeIgniter\BaseModel->transformDataToArray(null, 'update')
 3 SYSTEMPATH\Model.php(776): CodeIgniter\BaseModel->update([...], null)
 4 APPPATH\Controllers\ProductController.php(39): CodeIgniter\Model->update([...])
 5 SYSTEMPATH\CodeIgniter.php(919): App\Controllers\ProductController->save()
 6 SYSTEMPATH\CodeIgniter.php(494): CodeIgniter\CodeIgniter->runController(Object(App\Controllers\ProductController))
 7 SYSTEMPATH\CodeIgniter.php(353): CodeIgniter\CodeIgniter->handleRequest(null, Object(Config\Cache), false)
 8 FCPATH\index.php(79): CodeIgniter\CodeIgniter->run()
 9 SYSTEMPATH\Commands\Server\rewrite.php(47): require_once('C:\\laragon\\www\\testing\\public\\index.php')
CRITICAL - 2023-09-17 05:56:28 --> Undefined variable $pro
in APPPATH\Views\products.php on line 11.
 1 APPPATH\Views\products.php(11): CodeIgniter\Debug\Exceptions->errorHandler(2, 'Undefined variable $pro', 'C:\\laragon\\www\\testing\\app\\Views\\products.php', 11)
 2 SYSTEMPATH\View\View.php(226): include('C:\\laragon\\www\\testing\\app\\Views\\products.php')
 3 SYSTEMPATH\View\View.php(229): CodeIgniter\View\View->CodeIgniter\View\{closure}()
 4 SYSTEMPATH\Common.php(1188): CodeIgniter\View\View->render('products', [], true)
 5 APPPATH\Controllers\ProductController.php(54): view('products', [...])
 6 SYSTEMPATH\CodeIgniter.php(919): App\Controllers\ProductController->test()
 7 SYSTEMPATH\CodeIgniter.php(494): CodeIgniter\CodeIgniter->runController(Object(App\Controllers\ProductController))
 8 SYSTEMPATH\CodeIgniter.php(353): CodeIgniter\CodeIgniter->handleRequest(null, Object(Config\Cache), false)
 9 FCPATH\index.php(79): CodeIgniter\CodeIgniter->run()
10 SYSTEMPATH\Commands\Server\rewrite.php(47): require_once('C:\\laragon\\www\\testing\\public\\index.php')
CRITICAL - 2023-09-17 05:56:55 --> Undefined variable $pro
in APPPATH\Views\products.php on line 11.
 1 APPPATH\Views\products.php(11): CodeIgniter\Debug\Exceptions->errorHandler(2, 'Undefined variable $pro', 'C:\\laragon\\www\\testing\\app\\Views\\products.php', 11)
 2 SYSTEMPATH\View\View.php(226): include('C:\\laragon\\www\\testing\\app\\Views\\products.php')
 3 SYSTEMPATH\View\View.php(229): CodeIgniter\View\View->CodeIgniter\View\{closure}()
 4 SYSTEMPATH\Common.php(1188): CodeIgniter\View\View->render('products', [], true)
 5 APPPATH\Controllers\ProductController.php(54): view('products', [...])
 6 SYSTEMPATH\CodeIgniter.php(919): App\Controllers\ProductController->test()
 7 SYSTEMPATH\CodeIgniter.php(494): CodeIgniter\CodeIgniter->runController(Object(App\Controllers\ProductController))
 8 SYSTEMPATH\CodeIgniter.php(353): CodeIgniter\CodeIgniter->handleRequest(null, Object(Config\Cache), false)
 9 FCPATH\index.php(79): CodeIgniter\CodeIgniter->run()
10 SYSTEMPATH\Commands\Server\rewrite.php(47): require_once('C:\\laragon\\www\\testing\\public\\index.php')
CRITICAL - 2023-09-17 05:57:38 --> Undefined array key "code"
in APPPATH\Views\products.php on line 11.
 1 APPPATH\Views\products.php(11): CodeIgniter\Debug\Exceptions->errorHandler(2, 'Undefined array key "code"', 'C:\\laragon\\www\\testing\\app\\Views\\products.php', 11)
 2 SYSTEMPATH\View\View.php(226): include('C:\\laragon\\www\\testing\\app\\Views\\products.php')
 3 SYSTEMPATH\View\View.php(229): CodeIgniter\View\View->CodeIgniter\View\{closure}()
 4 SYSTEMPATH\Common.php(1188): CodeIgniter\View\View->render('products', [], true)
 5 APPPATH\Controllers\ProductController.php(54): view('products', [...])
 6 SYSTEMPATH\CodeIgniter.php(919): App\Controllers\ProductController->test()
 7 SYSTEMPATH\CodeIgniter.php(494): CodeIgniter\CodeIgniter->runController(Object(App\Controllers\ProductController))
 8 SYSTEMPATH\CodeIgniter.php(353): CodeIgniter\CodeIgniter->handleRequest(null, Object(Config\Cache), false)
 9 FCPATH\index.php(79): CodeIgniter\CodeIgniter->run()
10 SYSTEMPATH\Commands\Server\rewrite.php(47): require_once('C:\\laragon\\www\\testing\\public\\index.php')
CRITICAL - 2023-09-17 05:58:18 --> Undefined array key "code"
in APPPATH\Views\products.php on line 11.
 1 APPPATH\Views\products.php(11): CodeIgniter\Debug\Exceptions->errorHandler(2, 'Undefined array key "code"', 'C:\\laragon\\www\\testing\\app\\Views\\products.php', 11)
 2 SYSTEMPATH\View\View.php(226): include('C:\\laragon\\www\\testing\\app\\Views\\products.php')
 3 SYSTEMPATH\View\View.php(229): CodeIgniter\View\View->CodeIgniter\View\{closure}()
 4 SYSTEMPATH\Common.php(1188): CodeIgniter\View\View->render('products', [], true)
 5 APPPATH\Controllers\ProductController.php(54): view('products', [...])
 6 SYSTEMPATH\CodeIgniter.php(919): App\Controllers\ProductController->test()
 7 SYSTEMPATH\CodeIgniter.php(494): CodeIgniter\CodeIgniter->runController(Object(App\Controllers\ProductController))
 8 SYSTEMPATH\CodeIgniter.php(353): CodeIgniter\CodeIgniter->handleRequest(null, Object(Config\Cache), false)
 9 FCPATH\index.php(79): CodeIgniter\CodeIgniter->run()
10 SYSTEMPATH\Commands\Server\rewrite.php(47): require_once('C:\\laragon\\www\\testing\\public\\index.php')
CRITICAL - 2023-09-17 05:58:19 --> Undefined array key "code"
in APPPATH\Views\products.php on line 11.
 1 APPPATH\Views\products.php(11): CodeIgniter\Debug\Exceptions->errorHandler(2, 'Undefined array key "code"', 'C:\\laragon\\www\\testing\\app\\Views\\products.php', 11)
 2 SYSTEMPATH\View\View.php(226): include('C:\\laragon\\www\\testing\\app\\Views\\products.php')
 3 SYSTEMPATH\View\View.php(229): CodeIgniter\View\View->CodeIgniter\View\{closure}()
 4 SYSTEMPATH\Common.php(1188): CodeIgniter\View\View->render('products', [], true)
 5 APPPATH\Controllers\ProductController.php(54): view('products', [...])
 6 SYSTEMPATH\CodeIgniter.php(919): App\Controllers\ProductController->test()
 7 SYSTEMPATH\CodeIgniter.php(494): CodeIgniter\CodeIgniter->runController(Object(App\Controllers\ProductController))
 8 SYSTEMPATH\CodeIgniter.php(353): CodeIgniter\CodeIgniter->handleRequest(null, Object(Config\Cache), false)
 9 FCPATH\index.php(79): CodeIgniter\CodeIgniter->run()
10 SYSTEMPATH\Commands\Server\rewrite.php(47): require_once('C:\\laragon\\www\\testing\\public\\index.php')
CRITICAL - 2023-09-17 05:58:50 --> Undefined variable $pro
in APPPATH\Views\products.php on line 11.
 1 APPPATH\Views\products.php(11): CodeIgniter\Debug\Exceptions->errorHandler(2, 'Undefined variable $pro', 'C:\\laragon\\www\\testing\\app\\Views\\products.php', 11)
 2 SYSTEMPATH\View\View.php(226): include('C:\\laragon\\www\\testing\\app\\Views\\products.php')
 3 SYSTEMPATH\View\View.php(229): CodeIgniter\View\View->CodeIgniter\View\{closure}()
 4 SYSTEMPATH\Common.php(1188): CodeIgniter\View\View->render('products', [], true)
 5 APPPATH\Controllers\ProductController.php(54): view('products', [...])
 6 SYSTEMPATH\CodeIgniter.php(919): App\Controllers\ProductController->test()
 7 SYSTEMPATH\CodeIgniter.php(494): CodeIgniter\CodeIgniter->runController(Object(App\Controllers\ProductController))
 8 SYSTEMPATH\CodeIgniter.php(353): CodeIgniter\CodeIgniter->handleRequest(null, Object(Config\Cache), false)
 9 FCPATH\index.php(79): CodeIgniter\CodeIgniter->run()
10 SYSTEMPATH\Commands\Server\rewrite.php(47): require_once('C:\\laragon\\www\\testing\\public\\index.php')
CRITICAL - 2023-09-17 05:59:14 --> Undefined array key "id"
in APPPATH\Controllers\ProductController.php on line 38.
 1 APPPATH\Controllers\ProductController.php(38): CodeIgniter\Debug\Exceptions->errorHandler(2, 'Undefined array key "id"', 'C:\\laragon\\www\\testing\\app\\Controllers\\ProductController.php', 38)
 2 SYSTEMPATH\CodeIgniter.php(919): App\Controllers\ProductController->save()
 3 SYSTEMPATH\CodeIgniter.php(494): CodeIgniter\CodeIgniter->runController(Object(App\Controllers\ProductController))
 4 SYSTEMPATH\CodeIgniter.php(353): CodeIgniter\CodeIgniter->handleRequest(null, Object(Config\Cache), false)
 5 FCPATH\index.php(79): CodeIgniter\CodeIgniter->run()
 6 SYSTEMPATH\Commands\Server\rewrite.php(47): require_once('C:\\laragon\\www\\testing\\public\\index.php')
CRITICAL - 2023-09-17 06:00:02 --> Undefined variable $pro
in APPPATH\Views\products.php on line 11.
 1 APPPATH\Views\products.php(11): CodeIgniter\Debug\Exceptions->errorHandler(2, 'Undefined variable $pro', 'C:\\laragon\\www\\testing\\app\\Views\\products.php', 11)
 2 SYSTEMPATH\View\View.php(226): include('C:\\laragon\\www\\testing\\app\\Views\\products.php')
 3 SYSTEMPATH\View\View.php(229): CodeIgniter\View\View->CodeIgniter\View\{closure}()
 4 SYSTEMPATH\Common.php(1188): CodeIgniter\View\View->render('products', [], true)
 5 APPPATH\Controllers\ProductController.php(54): view('products', [...])
 6 SYSTEMPATH\CodeIgniter.php(919): App\Controllers\ProductController->test()
 7 SYSTEMPATH\CodeIgniter.php(494): CodeIgniter\CodeIgniter->runController(Object(App\Controllers\ProductController))
 8 SYSTEMPATH\CodeIgniter.php(353): CodeIgniter\CodeIgniter->handleRequest(null, Object(Config\Cache), false)
 9 FCPATH\index.php(79): CodeIgniter\CodeIgniter->run()
10 SYSTEMPATH\Commands\Server\rewrite.php(47): require_once('C:\\laragon\\www\\testing\\public\\index.php')
CRITICAL - 2023-09-17 06:01:42 --> Undefined variable $pro
in APPPATH\Views\products.php on line 11.
 1 APPPATH\Views\products.php(11): CodeIgniter\Debug\Exceptions->errorHandler(2, 'Undefined variable $pro', 'C:\\laragon\\www\\testing\\app\\Views\\products.php', 11)
 2 SYSTEMPATH\View\View.php(226): include('C:\\laragon\\www\\testing\\app\\Views\\products.php')
 3 SYSTEMPATH\View\View.php(229): CodeIgniter\View\View->CodeIgniter\View\{closure}()
 4 SYSTEMPATH\Common.php(1188): CodeIgniter\View\View->render('products', [], true)
 5 APPPATH\Controllers\ProductController.php(55): view('products', [...])
 6 SYSTEMPATH\CodeIgniter.php(919): App\Controllers\ProductController->test()
 7 SYSTEMPATH\CodeIgniter.php(494): CodeIgniter\CodeIgniter->runController(Object(App\Controllers\ProductController))
 8 SYSTEMPATH\CodeIgniter.php(353): CodeIgniter\CodeIgniter->handleRequest(null, Object(Config\Cache), false)
 9 FCPATH\index.php(79): CodeIgniter\CodeIgniter->run()
10 SYSTEMPATH\Commands\Server\rewrite.php(47): require_once('C:\\laragon\\www\\testing\\public\\index.php')
CRITICAL - 2023-09-17 06:01:51 --> Undefined array key "id"
in APPPATH\Controllers\ProductController.php on line 38.
 1 APPPATH\Controllers\ProductController.php(38): CodeIgniter\Debug\Exceptions->errorHandler(2, 'Undefined array key "id"', 'C:\\laragon\\www\\testing\\app\\Controllers\\ProductController.php', 38)
 2 SYSTEMPATH\CodeIgniter.php(919): App\Controllers\ProductController->save()
 3 SYSTEMPATH\CodeIgniter.php(494): CodeIgniter\CodeIgniter->runController(Object(App\Controllers\ProductController))
 4 SYSTEMPATH\CodeIgniter.php(353): CodeIgniter\CodeIgniter->handleRequest(null, Object(Config\Cache), false)
 5 FCPATH\index.php(79): CodeIgniter\CodeIgniter->run()
 6 SYSTEMPATH\Commands\Server\rewrite.php(47): require_once('C:\\laragon\\www\\testing\\public\\index.php')
CRITICAL - 2023-09-17 06:03:02 --> Undefined array key "id"
in APPPATH\Controllers\ProductController.php on line 38.
 1 APPPATH\Controllers\ProductController.php(38): CodeIgniter\Debug\Exceptions->errorHandler(2, 'Undefined array key "id"', 'C:\\laragon\\www\\testing\\app\\Controllers\\ProductController.php', 38)
 2 SYSTEMPATH\CodeIgniter.php(919): App\Controllers\ProductController->save()
 3 SYSTEMPATH\CodeIgniter.php(494): CodeIgniter\CodeIgniter->runController(Object(App\Controllers\ProductController))
 4 SYSTEMPATH\CodeIgniter.php(353): CodeIgniter\CodeIgniter->handleRequest(null, Object(Config\Cache), false)
 5 FCPATH\index.php(79): CodeIgniter\CodeIgniter->run()
 6 SYSTEMPATH\Commands\Server\rewrite.php(47): require_once('C:\\laragon\\www\\testing\\public\\index.php')
CRITICAL - 2023-09-17 06:05:05 --> Undefined array key "id"
in APPPATH\Controllers\ProductController.php on line 33.
 1 APPPATH\Controllers\ProductController.php(33): CodeIgniter\Debug\Exceptions->errorHandler(2, 'Undefined array key "id"', 'C:\\laragon\\www\\testing\\app\\Controllers\\ProductController.php', 33)
 2 SYSTEMPATH\CodeIgniter.php(919): App\Controllers\ProductController->save()
 3 SYSTEMPATH\CodeIgniter.php(494): CodeIgniter\CodeIgniter->runController(Object(App\Controllers\ProductController))
 4 SYSTEMPATH\CodeIgniter.php(353): CodeIgniter\CodeIgniter->handleRequest(null, Object(Config\Cache), false)
 5 FCPATH\index.php(79): CodeIgniter\CodeIgniter->run()
 6 SYSTEMPATH\Commands\Server\rewrite.php(47): require_once('C:\\laragon\\www\\testing\\public\\index.php')
CRITICAL - 2023-09-17 06:06:27 --> Undefined array key "id"
in APPPATH\Controllers\ProductController.php on line 33.
 1 APPPATH\Controllers\ProductController.php(33): CodeIgniter\Debug\Exceptions->errorHandler(2, 'Undefined array key "id"', 'C:\\laragon\\www\\testing\\app\\Controllers\\ProductController.php', 33)
 2 SYSTEMPATH\CodeIgniter.php(919): App\Controllers\ProductController->save()
 3 SYSTEMPATH\CodeIgniter.php(494): CodeIgniter\CodeIgniter->runController(Object(App\Controllers\ProductController))
 4 SYSTEMPATH\CodeIgniter.php(353): CodeIgniter\CodeIgniter->handleRequest(null, Object(Config\Cache), false)
 5 FCPATH\index.php(79): CodeIgniter\CodeIgniter->run()
 6 SYSTEMPATH\Commands\Server\rewrite.php(47): require_once('C:\\laragon\\www\\testing\\public\\index.php')
CRITICAL - 2023-09-17 06:06:32 --> Undefined array key "id"
in APPPATH\Controllers\ProductController.php on line 33.
 1 APPPATH\Controllers\ProductController.php(33): CodeIgniter\Debug\Exceptions->errorHandler(2, 'Undefined array key "id"', 'C:\\laragon\\www\\testing\\app\\Controllers\\ProductController.php', 33)
 2 SYSTEMPATH\CodeIgniter.php(919): App\Controllers\ProductController->save()
 3 SYSTEMPATH\CodeIgniter.php(494): CodeIgniter\CodeIgniter->runController(Object(App\Controllers\ProductController))
 4 SYSTEMPATH\CodeIgniter.php(353): CodeIgniter\CodeIgniter->handleRequest(null, Object(Config\Cache), false)
 5 FCPATH\index.php(79): CodeIgniter\CodeIgniter->run()
 6 SYSTEMPATH\Commands\Server\rewrite.php(47): require_once('C:\\laragon\\www\\testing\\public\\index.php')
CRITICAL - 2023-09-17 06:08:28 --> Undefined variable $pro
in APPPATH\Views\products.php on line 11.
 1 APPPATH\Views\products.php(11): CodeIgniter\Debug\Exceptions->errorHandler(2, 'Undefined variable $pro', 'C:\\laragon\\www\\testing\\app\\Views\\products.php', 11)
 2 SYSTEMPATH\View\View.php(226): include('C:\\laragon\\www\\testing\\app\\Views\\products.php')
 3 SYSTEMPATH\View\View.php(229): CodeIgniter\View\View->CodeIgniter\View\{closure}()
 4 SYSTEMPATH\Common.php(1188): CodeIgniter\View\View->render('products', [], true)
 5 APPPATH\Controllers\ProductController.php(55): view('products', [...])
 6 SYSTEMPATH\CodeIgniter.php(919): App\Controllers\ProductController->test()
 7 SYSTEMPATH\CodeIgniter.php(494): CodeIgniter\CodeIgniter->runController(Object(App\Controllers\ProductController))
 8 SYSTEMPATH\CodeIgniter.php(353): CodeIgniter\CodeIgniter->handleRequest(null, Object(Config\Cache), false)
 9 FCPATH\index.php(79): CodeIgniter\CodeIgniter->run()
10 SYSTEMPATH\Commands\Server\rewrite.php(47): require_once('C:\\laragon\\www\\testing\\public\\index.php')
CRITICAL - 2023-09-17 06:09:37 --> Undefined variable $pro
in APPPATH\Views\products.php on line 11.
 1 APPPATH\Views\products.php(11): CodeIgniter\Debug\Exceptions->errorHandler(2, 'Undefined variable $pro', 'C:\\laragon\\www\\testing\\app\\Views\\products.php', 11)
 2 SYSTEMPATH\View\View.php(226): include('C:\\laragon\\www\\testing\\app\\Views\\products.php')
 3 SYSTEMPATH\View\View.php(229): CodeIgniter\View\View->CodeIgniter\View\{closure}()
 4 SYSTEMPATH\Common.php(1188): CodeIgniter\View\View->render('products', [], true)
 5 APPPATH\Controllers\ProductController.php(55): view('products', [...])
 6 SYSTEMPATH\CodeIgniter.php(919): App\Controllers\ProductController->test()
 7 SYSTEMPATH\CodeIgniter.php(494): CodeIgniter\CodeIgniter->runController(Object(App\Controllers\ProductController))
 8 SYSTEMPATH\CodeIgniter.php(353): CodeIgniter\CodeIgniter->handleRequest(null, Object(Config\Cache), false)
 9 FCPATH\index.php(79): CodeIgniter\CodeIgniter->run()
10 SYSTEMPATH\Commands\Server\rewrite.php(47): require_once('C:\\laragon\\www\\testing\\public\\index.php')
